<?xml version="1.0" encoding="UTF-8"?>
<!-- Generated by org.testng.reporters.JUnitReportReporter -->
<testsuite hostname="DESKTOP-BH3MCQC" failures="0" tests="1" name="Runner.TestNgTestRunner" time="27.522" errors="0" timestamp="2024-10-04T18:36:30 IST" skipped="0">
  <testcase classname="Runner.TestNgTestRunner" name="runScenario" time="27.522"/>
</testsuite> <!-- Runner.TestNgTestRunner -->
